<?xml version="1.0" encoding="UTF-8"?>
<!-- Generated by org.testng.reporters.JUnitXMLReporter -->
<testsuite ignored="10" hostname="LordXpL0" failures="0" tests="13" name="Full End to End Automation" time="70.169" errors="0" timestamp="2025-12-27T05:45:53 WIB">
  <testcase classname="com.praktikum.uas.automation.tests.HomePageTest" name="verifyHomePageTitle" time="0.019"/>
  <testcase classname="com.praktikum.uas.automation.tests.HomePageTest" name="verifyLogoPresence" time="0.075"/>
  <testcase classname="com.praktikum.uas.automation.tests.HomePageTest" name="testPhoneCategoryNavigation" time="1.832"/>
  <testcase classname="com.praktikum.uas.automation.tests.SignUpPageTest" name="testRegisterUser" time="1.925"/>
  <testcase classname="com.praktikum.uas.automation.tests.LoginPageTest" name="testLogin" time="1.087"/>
  <testcase classname="com.praktikum.uas.automation.tests.LoginPageTest" name="testLogin" time="0.612"/>
  <testcase classname="com.praktikum.uas.automation.tests.ProductInfoPageTest" name="testAddPhoneToCart" time="3.331"/>
  <testcase classname="com.praktikum.uas.automation.tests.ProductInfoPageTest" name="testAddLaptopToCart" time="3.503"/>
  <testcase classname="com.praktikum.uas.automation.tests.ProductInfoPageTest" name="testAddMonitorToCart" time="3.047"/>
  <testcase classname="com.praktikum.uas.automation.tests.CartPageTest" name="testProductVisibilityInCart" time="0.786"/>
  <testcase classname="com.praktikum.uas.automation.tests.CartPageTest" name="testDeleteProduct" time="13.029"/>
  <testcase classname="com.praktikum.uas.automation.tests.PaymentInfoPageTest" name="verifyPurchaseWithoutInfo" time="0.717"/>
  <testcase classname="com.praktikum.uas.automation.tests.PaymentInfoPageTest" name="verifyPurchaseWithInfo" time="1.357"/>
  <testcase classname="com.praktikum.uas.automation.base.BaseTest" name="@AfterSuite tearDownReport" time="0.0">
    <ignored/>
  </testcase> <!-- @AfterSuite tearDownReport -->
  <testcase classname="com.praktikum.uas.automation.base.BaseTest" name="@AfterSuite tearDownReport" time="0.0">
    <ignored/>
  </testcase> <!-- @AfterSuite tearDownReport -->
  <testcase classname="com.praktikum.uas.automation.base.BaseTest" name="@AfterSuite tearDownReport" time="0.0">
    <ignored/>
  </testcase> <!-- @AfterSuite tearDownReport -->
  <testcase classname="com.praktikum.uas.automation.base.BaseTest" name="@BeforeSuite setupReport" time="0.0">
    <ignored/>
  </testcase> <!-- @BeforeSuite setupReport -->
  <testcase classname="com.praktikum.uas.automation.base.BaseTest" name="@BeforeSuite setupReport" time="0.0">
    <ignored/>
  </testcase> <!-- @BeforeSuite setupReport -->
  <testcase classname="com.praktikum.uas.automation.base.BaseTest" name="@BeforeSuite setupReport" time="0.0">
    <ignored/>
  </testcase> <!-- @BeforeSuite setupReport -->
  <testcase classname="com.praktikum.uas.automation.base.BaseTest" name="@AfterSuite tearDownReport" time="0.0">
    <ignored/>
  </testcase> <!-- @AfterSuite tearDownReport -->
  <testcase classname="com.praktikum.uas.automation.base.BaseTest" name="@BeforeSuite setupReport" time="0.0">
    <ignored/>
  </testcase> <!-- @BeforeSuite setupReport -->
  <testcase classname="com.praktikum.uas.automation.base.BaseTest" name="@AfterSuite tearDownReport" time="0.0">
    <ignored/>
  </testcase> <!-- @AfterSuite tearDownReport -->
  <testcase classname="com.praktikum.uas.automation.base.BaseTest" name="@BeforeSuite setupReport" time="0.0">
    <ignored/>
  </testcase> <!-- @BeforeSuite setupReport -->
</testsuite> <!-- Full End to End Automation -->
