<?xml version="1.0" encoding="UTF-8"?>
<!-- Generated by org.testng.reporters.JUnitReportReporter -->
<testsuite hostname="LordXpL0" failures="0" tests="3" name="com.praktikum.uas.automation.tests.HomePageTest" time="7.837" errors="0" timestamp="2025-12-27T05:45:54 WIB" skipped="0">
  <testcase classname="com.praktikum.uas.automation.tests.HomePageTest" name="verifyHomePageTitle" time="2.906"/>
  <testcase classname="com.praktikum.uas.automation.tests.HomePageTest" name="verifyLogoPresence" time="1.959"/>
  <testcase classname="com.praktikum.uas.automation.tests.HomePageTest" name="testPhoneCategoryNavigation" time="2.972"/>
</testsuite> <!-- com.praktikum.uas.automation.tests.HomePageTest -->
