<?xml version="1.0" encoding="UTF-8"?>
<!-- Generated by org.testng.reporters.JUnitReportReporter -->
<testsuite hostname="LordXpL0" failures="0" tests="3" name="com.praktikum.uas.automation.tests.ProductInfoPageTest" time="16.077" errors="0" timestamp="2025-12-27T05:45:54 WIB" skipped="0">
  <testcase classname="com.praktikum.uas.automation.tests.ProductInfoPageTest" name="testAddPhoneToCart" time="5.204"/>
  <testcase classname="com.praktikum.uas.automation.tests.ProductInfoPageTest" name="testAddLaptopToCart" time="5.538"/>
  <testcase classname="com.praktikum.uas.automation.tests.ProductInfoPageTest" name="testAddMonitorToCart" time="5.335"/>
</testsuite> <!-- com.praktikum.uas.automation.tests.ProductInfoPageTest -->
