<?xml version="1.0" encoding="UTF-8"?>
<!-- Generated by org.testng.reporters.JUnitReportReporter -->
<testsuite hostname="LordXpL0" failures="0" tests="2" name="com.praktikum.uas.automation.tests.CartPageTest" time="24.079" errors="0" timestamp="2025-12-27T05:45:54 WIB" skipped="0">
  <testcase classname="com.praktikum.uas.automation.tests.CartPageTest" name="testProductVisibilityInCart" time="6.257"/>
  <testcase classname="com.praktikum.uas.automation.tests.CartPageTest" name="testDeleteProduct" time="17.822"/>
</testsuite> <!-- com.praktikum.uas.automation.tests.CartPageTest -->
