<?xml version="1.0" encoding="UTF-8"?>
<!-- Generated by org.testng.reporters.JUnitReportReporter -->
<testsuite hostname="LordXpL0" failures="0" tests="2" name="com.praktikum.uas.automation.tests.PaymentInfoPageTest" time="12.467" errors="0" timestamp="2025-12-27T05:45:54 WIB" skipped="0">
  <testcase classname="com.praktikum.uas.automation.tests.PaymentInfoPageTest" name="verifyPurchaseWithoutInfo" time="6.256"/>
  <testcase classname="com.praktikum.uas.automation.tests.PaymentInfoPageTest" name="verifyPurchaseWithInfo" time="6.211"/>
</testsuite> <!-- com.praktikum.uas.automation.tests.PaymentInfoPageTest -->
