<?xml version="1.0" encoding="UTF-8"?>
<!-- Generated by org.testng.reporters.JUnitReportReporter -->
<testsuite hostname="LordXpL0" failures="0" tests="2" name="com.praktikum.uas.automation.tests.LoginPageTest" time="5.546" errors="0" timestamp="2025-12-27T05:45:54 WIB" skipped="0">
  <testcase classname="com.praktikum.uas.automation.tests.LoginPageTest" name="testLogin" time="2.904"/>
  <testcase classname="com.praktikum.uas.automation.tests.LoginPageTest" name="testLogin" time="2.642"/>
</testsuite> <!-- com.praktikum.uas.automation.tests.LoginPageTest -->
